#
# A fatal error has been detected by the Java Runtime Environment:
#
#  Internal Error (generateOopMap.cpp:2164), pid=14612, tid=15216
#  fatal error: Illegal class file encountered. Try running with -Xverify:all in method main
#
# JRE version: Java(TM) SE Runtime Environment (16.0.2+7) (build 16.0.2+7-67)
# Java VM: Java HotSpot(TM) 64-Bit Server VM (16.0.2+7-67, mixed mode, sharing, tiered, compressed oops, compressed class ptrs, g1 gc, windows-amd64)
# No core dump will be written. Minidumps are not enabled by default on client versions of Windows
#
# If you would like to submit a bug report, please visit:
#   https://bugreport.java.com/bugreport/crash.jsp
#

---------------  S U M M A R Y ------------

Command Line: -XX:+ShowCodeDetailsInExceptionMessages -agentlib:jdwp=transport=dt_socket,suspend=y,address=localhost:56769 -javaagent:C:\Users\Gio\eclipse\java-2022-06\eclipse\configuration\org.eclipse.osgi\215\0\.cp\lib\javaagent-shaded.jar -Dfile.encoding=UTF-8 assignment3B.Assignment3B

Host: Intel(R) Core(TM) i3-8145U CPU @ 2.10GHz, 4 cores, 7G,  Windows 10 , 64 bit Build 18362 (10.0.18362.1316)
Time: Fri Dec  9 15:11:34 2022 Taipei Standard Time elapsed time: 3798.403673 seconds (0d 1h 3m 18s)

---------------  T H R E A D  ---------------

Current thread (0x00000254fd8ba290):  VMThread "VM Thread" [stack: 0x000000cef9c00000,0x000000cef9d00000] [id=15216]

Stack: [0x000000cef9c00000,0x000000cef9d00000]
Native frames: (J=compiled Java code, j=interpreted, Vv=VM code, C=native code)
V  [jvm.dll+0x6681ca]
V  [jvm.dll+0x7c9e69]
V  [jvm.dll+0x7cb61e]
V  [jvm.dll+0x7cbc27]
V  [jvm.dll+0x2429b3]
V  [jvm.dll+0x330cf9]
V  [jvm.dll+0x32daa4]
V  [jvm.dll+0x32cc8b]
V  [jvm.dll+0x32c037]
V  [jvm.dll+0x656cce]
V  [jvm.dll+0x6569d3]
V  [jvm.dll+0x61c1e8]
V  [jvm.dll+0x7c18f5]
V  [jvm.dll+0x520446]
V  [jvm.dll+0x7d00ab]
V  [jvm.dll+0x7d0da4]
V  [jvm.dll+0x7d12a9]
V  [jvm.dll+0x7d1564]
V  [jvm.dll+0x7d1630]
V  [jvm.dll+0x7795aa]
V  [jvm.dll+0x667066]
C  [ucrtbase.dll+0x210b2]
C  [KERNEL32.DLL+0x17c24]
C  [ntdll.dll+0x6d4d1]

VM_Operation (0x000000cefa7ff220): get/set locals, mode: safepoint, requested by thread 0x00000254fe510f70


---------------  P R O C E S S  ---------------

Threads class SMR info:
_java_thread_list=0x00000254fe626c10, length=15, elements={
0x00000254ef1aca40, 0x00000254fd8bfe00, 0x00000254fd8c0e50, 0x00000254fd8ccbe0,
0x00000254fd8ce500, 0x00000254fd8d0f20, 0x00000254fd8d1830, 0x00000254fd8d2470,
0x00000254fd8f2400, 0x00000254fd9594b0, 0x00000254fd89e990, 0x00000254fe510f70,
0x00000254fe5500a0, 0x00000254fe5505e0, 0x00000254fe63c9b0
}

Java Threads: ( => current thread )
  0x00000254ef1aca40 JavaThread "main" [_thread_blocked, id=14748, stack(0x000000cef9600000,0x000000cef9700000)]
  0x00000254fd8bfe00 JavaThread "Reference Handler" daemon [_thread_blocked, id=5940, stack(0x000000cef9d00000,0x000000cef9e00000)]
  0x00000254fd8c0e50 JavaThread "Finalizer" daemon [_thread_blocked, id=6784, stack(0x000000cef9e00000,0x000000cef9f00000)]
  0x00000254fd8ccbe0 JavaThread "Signal Dispatcher" daemon [_thread_blocked, id=9288, stack(0x000000cef9f00000,0x000000cefa000000)]
  0x00000254fd8ce500 JavaThread "Attach Listener" daemon [_thread_blocked, id=4288, stack(0x000000cefa000000,0x000000cefa100000)]
  0x00000254fd8d0f20 JavaThread "Service Thread" daemon [_thread_blocked, id=2428, stack(0x000000cefa100000,0x000000cefa200000)]
  0x00000254fd8d1830 JavaThread "Monitor Deflation Thread" daemon [_thread_blocked, id=6452, stack(0x000000cefa200000,0x000000cefa300000)]
  0x00000254fd8d2470 JavaThread "C2 CompilerThread0" daemon [_thread_blocked, id=15012, stack(0x000000cefa300000,0x000000cefa400000)]
  0x00000254fd8f2400 JavaThread "C1 CompilerThread0" daemon [_thread_blocked, id=2800, stack(0x000000cefa400000,0x000000cefa500000)]
  0x00000254fd9594b0 JavaThread "Sweeper thread" daemon [_thread_blocked, id=12476, stack(0x000000cefa500000,0x000000cefa600000)]
  0x00000254fd89e990 JavaThread "Common-Cleaner" daemon [_thread_blocked, id=14100, stack(0x000000cefa600000,0x000000cefa700000)]
  0x00000254fe510f70 JavaThread "JDWP Transport Listener: dt_socket" daemon [_thread_blocked, id=3356, stack(0x000000cefa700000,0x000000cefa800000)] _threads_hazard_ptr=0x00000254fe626c10
  0x00000254fe5500a0 JavaThread "JDWP Event Helper Thread" daemon [_thread_blocked, id=12096, stack(0x000000cefa800000,0x000000cefa900000)]
  0x00000254fe5505e0 JavaThread "JDWP Command Reader" daemon [_thread_in_native, id=13324, stack(0x000000cefa900000,0x000000cefaa00000)]
  0x00000254fe63c9b0 JavaThread "Notification Thread" daemon [_thread_blocked, id=1520, stack(0x000000cefaa00000,0x000000cefab00000)]

Other Threads:
=>0x00000254fd8ba290 VMThread "VM Thread" [stack: 0x000000cef9c00000,0x000000cef9d00000] [id=15216]
  0x00000254fe63ced0 WatcherThread [stack: 0x000000cefab00000,0x000000cefac00000] [id=10808]
  0x00000254ef1ee520 GCTaskThread "GC Thread#0" [stack: 0x000000cef9700000,0x000000cef9800000] [id=9988]
  0x00000254ef1ff0b0 ConcurrentGCThread "G1 Main Marker" [stack: 0x000000cef9800000,0x000000cef9900000] [id=4104]
  0x00000254ef1ffa30 ConcurrentGCThread "G1 Conc#0" [stack: 0x000000cef9900000,0x000000cef9a00000] [id=14844]
  0x00000254ef27e4e0 ConcurrentGCThread "G1 Refine#0" [stack: 0x000000cef9a00000,0x000000cef9b00000] [id=2460]
  0x00000254fd770080 ConcurrentGCThread "G1 Service" [stack: 0x000000cef9b00000,0x000000cef9c00000] [id=364]

Threads with active compile tasks:

VM state: at safepoint (normal execution)

VM Mutex/Monitor currently owned by a thread:  ([mutex/lock_event])
[0x00000254ef1a9bd0] Threads_lock - owner thread: 0x00000254fd8ba290

Heap address: 0x0000000081e00000, size: 2018 MB, Compressed Oops mode: 32-bit

CDS archive(s) mapped at: [0x0000000800000000-0x0000000800bb0000-0x0000000800bb0000), size 12255232, SharedBaseAddress: 0x0000000800000000, ArchiveRelocationMode: 0.
Compressed class space mapped at: 0x0000000800c00000-0x0000000840c00000, reserved size: 1073741824
Narrow klass base: 0x0000000800000000, Narrow klass shift: 3, Narrow klass range: 0x100000000

GC Precious Log:
 CPUs: 4 total, 4 available
 Memory: 8069M
 Large Page Support: Disabled
 NUMA Support: Disabled
 Compressed Oops: Enabled (32-bit)
 Heap Region Size: 1M
 Heap Min Capacity: 8M
 Heap Initial Capacity: 128M
 Heap Max Capacity: 2018M
 Pre-touch: Disabled
 Parallel Workers: 4
 Concurrent Workers: 1
 Concurrent Refinement Workers: 4
 Periodic GC: Disabled

Heap:
 garbage-first heap   total 131072K, used 6144K [0x0000000081e00000, 0x0000000100000000)
  region size 1024K, 7 young (7168K), 0 survivors (0K)
 Metaspace       used 2799K, committed 2944K, reserved 1056768K
  class space    used 243K, committed 320K, reserved 1048576K

Heap Regions: E=young(eden), S=young(survivor), O=old, HS=humongous(starts), HC=humongous(continues), CS=collection set, F=free, OA=open archive, CA=closed archive, TAMS=top-at-mark-start (previous, next)
|   0|0x0000000081e00000, 0x0000000081e00000, 0x0000000081f00000|  0%| F|  |TAMS 0x0000000081e00000, 0x0000000081e00000| Untracked 
|   1|0x0000000081f00000, 0x0000000081f00000, 0x0000000082000000|  0%| F|  |TAMS 0x0000000081f00000, 0x0000000081f00000| Untracked 
|   2|0x0000000082000000, 0x0000000082000000, 0x0000000082100000|  0%| F|  |TAMS 0x0000000082000000, 0x0000000082000000| Untracked 
|   3|0x0000000082100000, 0x0000000082100000, 0x0000000082200000|  0%| F|  |TAMS 0x0000000082100000, 0x0000000082100000| Untracked 
|   4|0x0000000082200000, 0x0000000082200000, 0x0000000082300000|  0%| F|  |TAMS 0x0000000082200000, 0x0000000082200000| Untracked 
|   5|0x0000000082300000, 0x0000000082300000, 0x0000000082400000|  0%| F|  |TAMS 0x0000000082300000, 0x0000000082300000| Untracked 
|   6|0x0000000082400000, 0x0000000082400000, 0x0000000082500000|  0%| F|  |TAMS 0x0000000082400000, 0x0000000082400000| Untracked 
|   7|0x0000000082500000, 0x0000000082500000, 0x0000000082600000|  0%| F|  |TAMS 0x0000000082500000, 0x0000000082500000| Untracked 
|   8|0x0000000082600000, 0x0000000082600000, 0x0000000082700000|  0%| F|  |TAMS 0x0000000082600000, 0x0000000082600000| Untracked 
|   9|0x0000000082700000, 0x0000000082700000, 0x0000000082800000|  0%| F|  |TAMS 0x0000000082700000, 0x0000000082700000| Untracked 
|  10|0x0000000082800000, 0x0000000082800000, 0x0000000082900000|  0%| F|  |TAMS 0x0000000082800000, 0x0000000082800000| Untracked 
|  11|0x0000000082900000, 0x0000000082900000, 0x0000000082a00000|  0%| F|  |TAMS 0x0000000082900000, 0x0000000082900000| Untracked 
|  12|0x0000000082a00000, 0x0000000082a00000, 0x0000000082b00000|  0%| F|  |TAMS 0x0000000082a00000, 0x0000000082a00000| Untracked 
|  13|0x0000000082b00000, 0x0000000082b00000, 0x0000000082c00000|  0%| F|  |TAMS 0x0000000082b00000, 0x0000000082b00000| Untracked 
|  14|0x0000000082c00000, 0x0000000082c00000, 0x0000000082d00000|  0%| F|  |TAMS 0x0000000082c00000, 0x0000000082c00000| Untracked 
|  15|0x0000000082d00000, 0x0000000082d00000, 0x0000000082e00000|  0%| F|  |TAMS 0x0000000082d00000, 0x0000000082d00000| Untracked 
|  16|0x0000000082e00000, 0x0000000082e00000, 0x0000000082f00000|  0%| F|  |TAMS 0x0000000082e00000, 0x0000000082e00000| Untracked 
|  17|0x0000000082f00000, 0x0000000082f00000, 0x0000000083000000|  0%| F|  |TAMS 0x0000000082f00000, 0x0000000082f00000| Untracked 
|  18|0x0000000083000000, 0x0000000083000000, 0x0000000083100000|  0%| F|  |TAMS 0x0000000083000000, 0x0000000083000000| Untracked 
|  19|0x0000000083100000, 0x0000000083100000, 0x0000000083200000|  0%| F|  |TAMS 0x0000000083100000, 0x0000000083100000| Untracked 
|  20|0x0000000083200000, 0x0000000083200000, 0x0000000083300000|  0%| F|  |TAMS 0x0000000083200000, 0x0000000083200000| Untracked 
|  21|0x0000000083300000, 0x0000000083300000, 0x0000000083400000|  0%| F|  |TAMS 0x0000000083300000, 0x0000000083300000| Untracked 
|  22|0x0000000083400000, 0x0000000083400000, 0x0000000083500000|  0%| F|  |TAMS 0x0000000083400000, 0x0000000083400000| Untracked 
|  23|0x0000000083500000, 0x0000000083500000, 0x0000000083600000|  0%| F|  |TAMS 0x0000000083500000, 0x0000000083500000| Untracked 
|  24|0x0000000083600000, 0x0000000083600000, 0x0000000083700000|  0%| F|  |TAMS 0x0000000083600000, 0x0000000083600000| Untracked 
|  25|0x0000000083700000, 0x0000000083700000, 0x0000000083800000|  0%| F|  |TAMS 0x0000000083700000, 0x0000000083700000| Untracked 
|  26|0x0000000083800000, 0x0000000083800000, 0x0000000083900000|  0%| F|  |TAMS 0x0000000083800000, 0x0000000083800000| Untracked 
|  27|0x0000000083900000, 0x0000000083900000, 0x0000000083a00000|  0%| F|  |TAMS 0x0000000083900000, 0x0000000083900000| Untracked 
|  28|0x0000000083a00000, 0x0000000083a00000, 0x0000000083b00000|  0%| F|  |TAMS 0x0000000083a00000, 0x0000000083a00000| Untracked 
|  29|0x0000000083b00000, 0x0000000083b00000, 0x0000000083c00000|  0%| F|  |TAMS 0x0000000083b00000, 0x0000000083b00000| Untracked 
|  30|0x0000000083c00000, 0x0000000083c00000, 0x0000000083d00000|  0%| F|  |TAMS 0x0000000083c00000, 0x0000000083c00000| Untracked 
|  31|0x0000000083d00000, 0x0000000083d00000, 0x0000000083e00000|  0%| F|  |TAMS 0x0000000083d00000, 0x0000000083d00000| Untracked 
|  32|0x0000000083e00000, 0x0000000083e00000, 0x0000000083f00000|  0%| F|  |TAMS 0x0000000083e00000, 0x0000000083e00000| Untracked 
|  33|0x0000000083f00000, 0x0000000083f00000, 0x0000000084000000|  0%| F|  |TAMS 0x0000000083f00000, 0x0000000083f00000| Untracked 
|  34|0x0000000084000000, 0x0000000084000000, 0x0000000084100000|  0%| F|  |TAMS 0x0000000084000000, 0x0000000084000000| Untracked 
|  35|0x0000000084100000, 0x0000000084100000, 0x0000000084200000|  0%| F|  |TAMS 0x0000000084100000, 0x0000000084100000| Untracked 
|  36|0x0000000084200000, 0x0000000084200000, 0x0000000084300000|  0%| F|  |TAMS 0x0000000084200000, 0x0000000084200000| Untracked 
|  37|0x0000000084300000, 0x0000000084300000, 0x0000000084400000|  0%| F|  |TAMS 0x0000000084300000, 0x0000000084300000| Untracked 
|  38|0x0000000084400000, 0x0000000084400000, 0x0000000084500000|  0%| F|  |TAMS 0x0000000084400000, 0x0000000084400000| Untracked 
|  39|0x0000000084500000, 0x0000000084500000, 0x0000000084600000|  0%| F|  |TAMS 0x0000000084500000, 0x0000000084500000| Untracked 
|  40|0x0000000084600000, 0x0000000084600000, 0x0000000084700000|  0%| F|  |TAMS 0x0000000084600000, 0x0000000084600000| Untracked 
|  41|0x0000000084700000, 0x0000000084700000, 0x0000000084800000|  0%| F|  |TAMS 0x0000000084700000, 0x0000000084700000| Untracked 
|  42|0x0000000084800000, 0x0000000084800000, 0x0000000084900000|  0%| F|  |TAMS 0x0000000084800000, 0x0000000084800000| Untracked 
|  43|0x0000000084900000, 0x0000000084900000, 0x0000000084a00000|  0%| F|  |TAMS 0x0000000084900000, 0x0000000084900000| Untracked 
|  44|0x0000000084a00000, 0x0000000084a00000, 0x0000000084b00000|  0%| F|  |TAMS 0x0000000084a00000, 0x0000000084a00000| Untracked 
|  45|0x0000000084b00000, 0x0000000084b00000, 0x0000000084c00000|  0%| F|  |TAMS 0x0000000084b00000, 0x0000000084b00000| Untracked 
|  46|0x0000000084c00000, 0x0000000084c00000, 0x0000000084d00000|  0%| F|  |TAMS 0x0000000084c00000, 0x0000000084c00000| Untracked 
|  47|0x0000000084d00000, 0x0000000084d00000, 0x0000000084e00000|  0%| F|  |TAMS 0x0000000084d00000, 0x0000000084d00000| Untracked 
|  48|0x0000000084e00000, 0x0000000084e00000, 0x0000000084f00000|  0%| F|  |TAMS 0x0000000084e00000, 0x0000000084e00000| Untracked 
|  49|0x0000000084f00000, 0x0000000084f00000, 0x0000000085000000|  0%| F|  |TAMS 0x0000000084f00000, 0x0000000084f00000| Untracked 
|  50|0x0000000085000000, 0x0000000085000000, 0x0000000085100000|  0%| F|  |TAMS 0x0000000085000000, 0x0000000085000000| Untracked 
|  51|0x0000000085100000, 0x0000000085100000, 0x0000000085200000|  0%| F|  |TAMS 0x0000000085100000, 0x0000000085100000| Untracked 
|  52|0x0000000085200000, 0x0000000085200000, 0x0000000085300000|  0%| F|  |TAMS 0x0000000085200000, 0x0000000085200000| Untracked 
|  53|0x0000000085300000, 0x0000000085300000, 0x0000000085400000|  0%| F|  |TAMS 0x0000000085300000, 0x0000000085300000| Untracked 
|  54|0x0000000085400000, 0x0000000085400000, 0x0000000085500000|  0%| F|  |TAMS 0x0000000085400000, 0x0000000085400000| Untracked 
|  55|0x0000000085500000, 0x0000000085500000, 0x0000000085600000|  0%| F|  |TAMS 0x0000000085500000, 0x0000000085500000| Untracked 
|  56|0x0000000085600000, 0x0000000085600000, 0x0000000085700000|  0%| F|  |TAMS 0x0000000085600000, 0x0000000085600000| Untracked 
|  57|0x0000000085700000, 0x0000000085700000, 0x0000000085800000|  0%| F|  |TAMS 0x0000000085700000, 0x0000000085700000| Untracked 
|  58|0x0000000085800000, 0x0000000085800000, 0x0000000085900000|  0%| F|  |TAMS 0x0000000085800000, 0x0000000085800000| Untracked 
|  59|0x0000000085900000, 0x0000000085900000, 0x0000000085a00000|  0%| F|  |TAMS 0x0000000085900000, 0x0000000085900000| Untracked 
|  60|0x0000000085a00000, 0x0000000085a00000, 0x0000000085b00000|  0%| F|  |TAMS 0x0000000085a00000, 0x0000000085a00000| Untracked 
|  61|0x0000000085b00000, 0x0000000085b00000, 0x0000000085c00000|  0%| F|  |TAMS 0x0000000085b00000, 0x0000000085b00000| Untracked 
|  62|0x0000000085c00000, 0x0000000085c00000, 0x0000000085d00000|  0%| F|  |TAMS 0x0000000085c00000, 0x0000000085c00000| Untracked 
|  63|0x0000000085d00000, 0x0000000085d00000, 0x0000000085e00000|  0%| F|  |TAMS 0x0000000085d00000, 0x0000000085d00000| Untracked 
|  64|0x0000000085e00000, 0x0000000085e00000, 0x0000000085f00000|  0%| F|  |TAMS 0x0000000085e00000, 0x0000000085e00000| Untracked 
|  65|0x0000000085f00000, 0x0000000085f00000, 0x0000000086000000|  0%| F|  |TAMS 0x0000000085f00000, 0x0000000085f00000| Untracked 
|  66|0x0000000086000000, 0x0000000086000000, 0x0000000086100000|  0%| F|  |TAMS 0x0000000086000000, 0x0000000086000000| Untracked 
|  67|0x0000000086100000, 0x0000000086100000, 0x0000000086200000|  0%| F|  |TAMS 0x0000000086100000, 0x0000000086100000| Untracked 
|  68|0x0000000086200000, 0x0000000086200000, 0x0000000086300000|  0%| F|  |TAMS 0x0000000086200000, 0x0000000086200000| Untracked 
|  69|0x0000000086300000, 0x0000000086300000, 0x0000000086400000|  0%| F|  |TAMS 0x0000000086300000, 0x0000000086300000| Untracked 
|  70|0x0000000086400000, 0x0000000086400000, 0x0000000086500000|  0%| F|  |TAMS 0x0000000086400000, 0x0000000086400000| Untracked 
|  71|0x0000000086500000, 0x0000000086500000, 0x0000000086600000|  0%| F|  |TAMS 0x0000000086500000, 0x0000000086500000| Untracked 
|  72|0x0000000086600000, 0x0000000086600000, 0x0000000086700000|  0%| F|  |TAMS 0x0000000086600000, 0x0000000086600000| Untracked 
|  73|0x0000000086700000, 0x0000000086700000, 0x0000000086800000|  0%| F|  |TAMS 0x0000000086700000, 0x0000000086700000| Untracked 
|  74|0x0000000086800000, 0x0000000086800000, 0x0000000086900000|  0%| F|  |TAMS 0x0000000086800000, 0x0000000086800000| Untracked 
|  75|0x0000000086900000, 0x0000000086900000, 0x0000000086a00000|  0%| F|  |TAMS 0x0000000086900000, 0x0000000086900000| Untracked 
|  76|0x0000000086a00000, 0x0000000086a00000, 0x0000000086b00000|  0%| F|  |TAMS 0x0000000086a00000, 0x0000000086a00000| Untracked 
|  77|0x0000000086b00000, 0x0000000086b00000, 0x0000000086c00000|  0%| F|  |TAMS 0x0000000086b00000, 0x0000000086b00000| Untracked 
|  78|0x0000000086c00000, 0x0000000086c00000, 0x0000000086d00000|  0%| F|  |TAMS 0x0000000086c00000, 0x0000000086c00000| Untracked 
|  79|0x0000000086d00000, 0x0000000086d00000, 0x0000000086e00000|  0%| F|  |TAMS 0x0000000086d00000, 0x0000000086d00000| Untracked 
|  80|0x0000000086e00000, 0x0000000086e00000, 0x0000000086f00000|  0%| F|  |TAMS 0x0000000086e00000, 0x0000000086e00000| Untracked 
|  81|0x0000000086f00000, 0x0000000086f00000, 0x0000000087000000|  0%| F|  |TAMS 0x0000000086f00000, 0x0000000086f00000| Untracked 
|  82|0x0000000087000000, 0x0000000087000000, 0x0000000087100000|  0%| F|  |TAMS 0x0000000087000000, 0x0000000087000000| Untracked 
|  83|0x0000000087100000, 0x0000000087100000, 0x0000000087200000|  0%| F|  |TAMS 0x0000000087100000, 0x0000000087100000| Untracked 
|  84|0x0000000087200000, 0x0000000087200000, 0x0000000087300000|  0%| F|  |TAMS 0x0000000087200000, 0x0000000087200000| Untracked 
|  85|0x0000000087300000, 0x0000000087300000, 0x0000000087400000|  0%| F|  |TAMS 0x0000000087300000, 0x0000000087300000| Untracked 
|  86|0x0000000087400000, 0x0000000087400000, 0x0000000087500000|  0%| F|  |TAMS 0x0000000087400000, 0x0000000087400000| Untracked 
|  87|0x0000000087500000, 0x0000000087500000, 0x0000000087600000|  0%| F|  |TAMS 0x0000000087500000, 0x0000000087500000| Untracked 
|  88|0x0000000087600000, 0x0000000087600000, 0x0000000087700000|  0%| F|  |TAMS 0x0000000087600000, 0x0000000087600000| Untracked 
|  89|0x0000000087700000, 0x0000000087700000, 0x0000000087800000|  0%| F|  |TAMS 0x0000000087700000, 0x0000000087700000| Untracked 
|  90|0x0000000087800000, 0x0000000087800000, 0x0000000087900000|  0%| F|  |TAMS 0x0000000087800000, 0x0000000087800000| Untracked 
|  91|0x0000000087900000, 0x0000000087900000, 0x0000000087a00000|  0%| F|  |TAMS 0x0000000087900000, 0x0000000087900000| Untracked 
|  92|0x0000000087a00000, 0x0000000087a00000, 0x0000000087b00000|  0%| F|  |TAMS 0x0000000087a00000, 0x0000000087a00000| Untracked 
|  93|0x0000000087b00000, 0x0000000087b00000, 0x0000000087c00000|  0%| F|  |TAMS 0x0000000087b00000, 0x0000000087b00000| Untracked 
|  94|0x0000000087c00000, 0x0000000087c00000, 0x0000000087d00000|  0%| F|  |TAMS 0x0000000087c00000, 0x0000000087c00000| Untracked 
|  95|0x0000000087d00000, 0x0000000087d00000, 0x0000000087e00000|  0%| F|  |TAMS 0x0000000087d00000, 0x0000000087d00000| Untracked 
|  96|0x0000000087e00000, 0x0000000087e00000, 0x0000000087f00000|  0%| F|  |TAMS 0x0000000087e00000, 0x0000000087e00000| Untracked 
|  97|0x0000000087f00000, 0x0000000087f00000, 0x0000000088000000|  0%| F|  |TAMS 0x0000000087f00000, 0x0000000087f00000| Untracked 
|  98|0x0000000088000000, 0x0000000088000000, 0x0000000088100000|  0%| F|  |TAMS 0x0000000088000000, 0x0000000088000000| Untracked 
|  99|0x0000000088100000, 0x0000000088100000, 0x0000000088200000|  0%| F|  |TAMS 0x0000000088100000, 0x0000000088100000| Untracked 
| 100|0x0000000088200000, 0x0000000088200000, 0x0000000088300000|  0%| F|  |TAMS 0x0000000088200000, 0x0000000088200000| Untracked 
| 101|0x0000000088300000, 0x0000000088300000, 0x0000000088400000|  0%| F|  |TAMS 0x0000000088300000, 0x0000000088300000| Untracked 
| 102|0x0000000088400000, 0x0000000088400000, 0x0000000088500000|  0%| F|  |TAMS 0x0000000088400000, 0x0000000088400000| Untracked 
| 103|0x0000000088500000, 0x0000000088500000, 0x0000000088600000|  0%| F|  |TAMS 0x0000000088500000, 0x0000000088500000| Untracked 
| 104|0x0000000088600000, 0x0000000088600000, 0x0000000088700000|  0%| F|  |TAMS 0x0000000088600000, 0x0000000088600000| Untracked 
| 105|0x0000000088700000, 0x0000000088700000, 0x0000000088800000|  0%| F|  |TAMS 0x0000000088700000, 0x0000000088700000| Untracked 
| 106|0x0000000088800000, 0x0000000088800000, 0x0000000088900000|  0%| F|  |TAMS 0x0000000088800000, 0x0000000088800000| Untracked 
| 107|0x0000000088900000, 0x0000000088900000, 0x0000000088a00000|  0%| F|  |TAMS 0x0000000088900000, 0x0000000088900000| Untracked 
| 108|0x0000000088a00000, 0x0000000088a00000, 0x0000000088b00000|  0%| F|  |TAMS 0x0000000088a00000, 0x0000000088a00000| Untracked 
| 109|0x0000000088b00000, 0x0000000088b00000, 0x0000000088c00000|  0%| F|  |TAMS 0x0000000088b00000, 0x0000000088b00000| Untracked 
| 110|0x0000000088c00000, 0x0000000088c00000, 0x0000000088d00000|  0%| F|  |TAMS 0x0000000088c00000, 0x0000000088c00000| Untracked 
| 111|0x0000000088d00000, 0x0000000088d00000, 0x0000000088e00000|  0%| F|  |TAMS 0x0000000088d00000, 0x0000000088d00000| Untracked 
| 112|0x0000000088e00000, 0x0000000088e00000, 0x0000000088f00000|  0%| F|  |TAMS 0x0000000088e00000, 0x0000000088e00000| Untracked 
| 113|0x0000000088f00000, 0x0000000088f00000, 0x0000000089000000|  0%| F|  |TAMS 0x0000000088f00000, 0x0000000088f00000| Untracked 
| 114|0x0000000089000000, 0x0000000089000000, 0x0000000089100000|  0%| F|  |TAMS 0x0000000089000000, 0x0000000089000000| Untracked 
| 115|0x0000000089100000, 0x0000000089100000, 0x0000000089200000|  0%| F|  |TAMS 0x0000000089100000, 0x0000000089100000| Untracked 
| 116|0x0000000089200000, 0x0000000089200000, 0x0000000089300000|  0%| F|  |TAMS 0x0000000089200000, 0x0000000089200000| Untracked 
| 117|0x0000000089300000, 0x0000000089300000, 0x0000000089400000|  0%| F|  |TAMS 0x0000000089300000, 0x0000000089300000| Untracked 
| 118|0x0000000089400000, 0x0000000089400000, 0x0000000089500000|  0%| F|  |TAMS 0x0000000089400000, 0x0000000089400000| Untracked 
| 119|0x0000000089500000, 0x0000000089500000, 0x0000000089600000|  0%| F|  |TAMS 0x0000000089500000, 0x0000000089500000| Untracked 
| 120|0x0000000089600000, 0x0000000089600000, 0x0000000089700000|  0%| F|  |TAMS 0x0000000089600000, 0x0000000089600000| Untracked 
| 121|0x0000000089700000, 0x0000000089743160, 0x0000000089800000| 26%| E|  |TAMS 0x0000000089700000, 0x0000000089700000| Complete 
| 122|0x0000000089800000, 0x0000000089900000, 0x0000000089900000|100%| E|CS|TAMS 0x0000000089800000, 0x0000000089800000| Complete 
| 123|0x0000000089900000, 0x0000000089a00000, 0x0000000089a00000|100%| E|CS|TAMS 0x0000000089900000, 0x0000000089900000| Complete 
| 124|0x0000000089a00000, 0x0000000089b00000, 0x0000000089b00000|100%| E|CS|TAMS 0x0000000089a00000, 0x0000000089a00000| Complete 
| 125|0x0000000089b00000, 0x0000000089c00000, 0x0000000089c00000|100%| E|CS|TAMS 0x0000000089b00000, 0x0000000089b00000| Complete 
| 126|0x0000000089c00000, 0x0000000089d00000, 0x0000000089d00000|100%| E|CS|TAMS 0x0000000089c00000, 0x0000000089c00000| Complete 
| 127|0x0000000089d00000, 0x0000000089e00000, 0x0000000089e00000|100%| E|CS|TAMS 0x0000000089d00000, 0x0000000089d00000| Complete 

Card table byte_map: [0x00000254f6d20000,0x00000254f7120000] _byte_map_base: 0x00000254f6911000

Marking Bits (Prev, Next): (CMBitMap*) 0x00000254ef1eeaa0, (CMBitMap*) 0x00000254ef1eeae0
 Prev Bits: [0x00000254f7520000, 0x00000254f94a8000)
 Next Bits: [0x00000254f94b0000, 0x00000254fb438000)

Polling page: 0x00000254ecfb0000

Metaspace:

Usage:
  Non-class:      2.50 MB used.
      Class:    243.60 KB used.
       Both:      2.73 MB used.

Virtual space:
  Non-class space:        8.00 MB reserved,       2.56 MB ( 32%) committed,  1 nodes.
      Class space:        1.00 GB reserved,     320.00 KB ( <1%) committed,  1 nodes.
              Both:        1.01 GB reserved,       2.88 MB ( <1%) committed. 

Chunk freelists:
   Non-Class:  3.73 MB
       Class:  3.72 MB
        Both:  7.45 MB

MaxMetaspaceSize: 17179869184.00 GB
CompressedClassSpaceSize: 1.00 GB
 - commit_granule_bytes: 65536.
 - commit_granule_words: 8192.
 - virtual_space_node_default_size: 1048576.
 - enlarge_chunks_in_place: 1.
 - new_chunks_are_fully_committed: 0.
 - uncommit_free_chunks: 1.
 - use_allocation_guard: 0.
 - handle_deallocations: 1.


Internal statistics:

num_allocs_failed_limit: 0.
num_arena_births: 12.
num_arena_deaths: 0.
num_vsnodes_births: 2.
num_vsnodes_deaths: 0.
num_space_committed: 46.
num_space_uncommitted: 0.
num_chunks_returned_to_freelist: 0.
num_chunks_taken_from_freelist: 35.
num_chunk_merges: 0.
num_chunk_splits: 15.
num_chunks_enlarged: 10.
num_purges: 0.

CodeHeap 'non-profiled nmethods': size=120000Kb used=159Kb max_used=159Kb free=119840Kb
 bounds [0x0000025487ad0000, 0x0000025487d40000, 0x000002548f000000]
CodeHeap 'profiled nmethods': size=120000Kb used=612Kb max_used=612Kb free=119387Kb
 bounds [0x00000254805a0000, 0x0000025480810000, 0x0000025487ad0000]
CodeHeap 'non-nmethods': size=5760Kb used=1219Kb max_used=1237Kb free=4541Kb
 bounds [0x0000025480000000, 0x0000025480270000, 0x00000254805a0000]
 total_blobs=892 nmethods=461 adapters=344
 compilation: enabled
              stopped_count=0, restarted_count=0
 full_count=0

Compilation events (20 events):
Event: 3326.462 Thread 0x00000254fd8f2400  469       1       java.net.URL::getQuery (5 bytes)
Event: 3326.462 Thread 0x00000254fd8f2400 nmethod 469 0x0000025487af7310 code [0x0000025487af74a0, 0x0000025487af7578]
Event: 3434.153 Thread 0x00000254fd8f2400  470       3       org.eclipse.jdt.launching.internal.org.objectweb.asm.ClassReader::readInt (52 bytes)
Event: 3434.156 Thread 0x00000254fd8f2400 nmethod 470 0x0000025480637010 code [0x00000254806371c0, 0x0000025480637398]
Event: 3434.156 Thread 0x00000254fd8f2400  471       3       org.eclipse.jdt.launching.internal.org.objectweb.asm.SymbolTable::addConstantUtf8 (98 bytes)
Event: 3434.157 Thread 0x00000254fd8f2400 nmethod 471 0x0000025480637510 code [0x0000025480637740, 0x0000025480637d18]
Event: 3455.863 Thread 0x00000254fd8d2470  472       4       org.eclipse.jdt.launching.internal.org.objectweb.asm.ClassReader::getItem (7 bytes)
Event: 3455.867 Thread 0x00000254fd8d2470 

Event: 3563.592 Thread 0x00000254fd8f2400  473       3       org.eclipse.jdt.launching.internal.org.objectweb.asm.SymbolTable::addConstantNameAndType (28 bytes)
Event: 3563.595 Thread 0x00000254fd8f2400 

Event: 3563.595 Thread 0x00000254fd8f2400  474       3       org.eclipse.jdt.launching.internal.org.objectweb.asm.SymbolTable::hash (15 bytes)
Event: 3563.595 Thread 0x00000254fd8f2400 nmethod 474 0x0000025480638090 code [0x0000025480638240, 0x00000254806383d8]
Event: 3563.595 Thread 0x00000254fd8f2400  475       3       org.eclipse.jdt.launching.internal.org.objectweb.asm.SymbolTable$Entry::<init> (18 bytes)
Event: 3563.595 Thread 0x00000254fd8f2400 nmethod 475 0x0000025480638510 code [0x00000254806386c0, 0x0000025480638868]
Event: 3692.739 Thread 0x00000254fd8f2400  476       3       org.eclipse.jdt.launching.internal.org.objectweb.asm.SymbolTable::addConstantMemberReference (29 bytes)
Event: 3692.740 Thread 0x00000254fd8f2400 nmethod 476 0x0000025480638910 code [0x0000025480638b00, 0x0000025480638ec8]
Event: 3715.911 Thread 0x00000254fd8d2470  477       4       org.eclipse.jdt.launching.internal.org.objectweb.asm.ClassReader::readUtf (161 bytes)
Event: 3715.935 Thread 0x00000254fd8d2470 

Event: 3715.935 Thread 0x00000254fd8d2470  478       4       java.lang.StringUTF16::compress (50 bytes)
Event: 3715.944 Thread 0x00000254fd8d2470 nmethod 478 0x0000025487af7610 code [0x0000025487af77a0, 0x0000025487af7cd8]

GC Heap History (0 events):
No events

Deoptimization events (20 events):
Event: 0.787 Thread 0x00000254ef1aca40 DEOPT PACKING pc=0x000002548060f170 sp=0x000000cef96f8090
Event: 0.787 Thread 0x00000254ef1aca40 DEOPT UNPACKING pc=0x000002548004dece sp=0x000000cef96f74f8 mode 0
Event: 0.790 Thread 0x00000254ef1aca40 DEOPT PACKING pc=0x000002548060f170 sp=0x000000cef96fbac0
Event: 0.790 Thread 0x00000254ef1aca40 DEOPT UNPACKING pc=0x000002548004dece sp=0x000000cef96faf28 mode 0
Event: 0.790 Thread 0x00000254ef1aca40 DEOPT PACKING pc=0x000002548060f170 sp=0x000000cef96fbac0
Event: 0.790 Thread 0x00000254ef1aca40 DEOPT UNPACKING pc=0x000002548004dece sp=0x000000cef96faf28 mode 0
Event: 0.790 Thread 0x00000254ef1aca40 DEOPT PACKING pc=0x000002548060f25b sp=0x000000cef96fbac0
Event: 0.790 Thread 0x00000254ef1aca40 DEOPT UNPACKING pc=0x000002548004dece sp=0x000000cef96faf28 mode 0
Event: 0.791 Thread 0x00000254ef1aca40 DEOPT PACKING pc=0x000002548060f25b sp=0x000000cef96fbac0
Event: 0.791 Thread 0x00000254ef1aca40 DEOPT UNPACKING pc=0x000002548004dece sp=0x000000cef96faf28 mode 0
Event: 0.794 Thread 0x00000254ef1aca40 DEOPT PACKING pc=0x000002548060f25b sp=0x000000cef96f8010
Event: 0.794 Thread 0x00000254ef1aca40 DEOPT UNPACKING pc=0x000002548004dece sp=0x000000cef96f7478 mode 0
Event: 0.799 Thread 0x00000254ef1aca40 DEOPT PACKING pc=0x000002548060f25b sp=0x000000cef96fb9f0
Event: 0.799 Thread 0x00000254ef1aca40 DEOPT UNPACKING pc=0x000002548004dece sp=0x000000cef96fae58 mode 0
Event: 0.801 Thread 0x00000254ef1aca40 DEOPT PACKING pc=0x000002548060f170 sp=0x000000cef96fbac0
Event: 0.801 Thread 0x00000254ef1aca40 DEOPT UNPACKING pc=0x000002548004dece sp=0x000000cef96faf28 mode 0
Event: 0.877 Thread 0x00000254ef1aca40 Uncommon trap: trap_request=0xffffff45 fr.pc=0x0000025487ae2f68 relative=0x0000000000000048
Event: 0.877 Thread 0x00000254ef1aca40 Uncommon trap: reason=unstable_if action=reinterpret pc=0x0000025487ae2f68 method=java.lang.CharacterData.of(I)Ljava/lang/CharacterData; @ 4 c2
Event: 0.877 Thread 0x00000254ef1aca40 DEOPT PACKING pc=0x0000025487ae2f68 sp=0x000000cef96fe890
Event: 0.877 Thread 0x00000254ef1aca40 DEOPT UNPACKING pc=0x000002548004d72e sp=0x000000cef96fe830 mode 2

Classes unloaded (0 events):
No events

Classes redefined (20 events):
Event: 2877.381 Thread 0x00000254fd8ba290 redefined class name=assignment3B.Assignment3B, count=25
Event: 2949.424 Thread 0x00000254fd8ba290 redefined class name=assignment3B.Assignment3B, count=26
Event: 2997.412 Thread 0x00000254fd8ba290 redefined class name=assignment3B.Assignment3B, count=27
Event: 3021.199 Thread 0x00000254fd8ba290 redefined class name=assignment3B.Assignment3B, count=28
Event: 3054.634 Thread 0x00000254fd8ba290 redefined class name=assignment3B.Assignment3B, count=29
Event: 3085.461 Thread 0x00000254fd8ba290 redefined class name=assignment3B.Assignment3B, count=30
Event: 3114.704 Thread 0x00000254fd8ba290 redefined class name=assignment3B.Assignment3B, count=31
Event: 3240.463 Thread 0x00000254fd8ba290 redefined class name=assignment3B.Assignment3B, count=32
Event: 3279.141 Thread 0x00000254fd8ba290 redefined class name=assignment3B.Assignment3B, count=33
Event: 3309.091 Thread 0x00000254fd8ba290 redefined class name=assignment3B.Assignment3B, count=34
Event: 3326.464 Thread 0x00000254fd8ba290 redefined class name=assignment3B.Assignment3B, count=35
Event: 3356.546 Thread 0x00000254fd8ba290 redefined class name=assignment3B.Assignment3B, count=36
Event: 3434.154 Thread 0x00000254fd8ba290 redefined class name=assignment3B.Assignment3B, count=37
Event: 3455.865 Thread 0x00000254fd8ba290 redefined class name=assignment3B.Assignment3B, count=38
Event: 3485.155 Thread 0x00000254fd8ba290 redefined class name=assignment3B.Assignment3B, count=39
Event: 3514.375 Thread 0x00000254fd8ba290 redefined class name=assignment3B.Assignment3B, count=40
Event: 3563.593 Thread 0x00000254fd8ba290 redefined class name=assignment3B.Assignment3B, count=41
Event: 3692.740 Thread 0x00000254fd8ba290 redefined class name=assignment3B.Assignment3B, count=42
Event: 3715.912 Thread 0x00000254fd8ba290 redefined class name=assignment3B.Assignment3B, count=43
Event: 3754.195 Thread 0x00000254fd8ba290 redefined class name=assignment3B.Assignment3B, count=44

Internal exceptions (1 events):
Event: 0.734 Thread 0x00000254ef1aca40 Exception <a 'java/lang/NoSuchMethodError'{0x0000000089aa7d58}: 'java.lang.Object java.lang.invoke.DirectMethodHandle$Holder.invokeStatic(java.lang.Object)'> (0x0000000089aa7d58) 
thrown [t:\workspace\open\src\hotspot\share\interpreter\linkResolver.cpp, line 790]

Events (20 events):
Event: 3514.377 Executing  VM operation: RedefineClasses done
Event: 3563.592 Executing  VM operation: RedefineClasses
Event: 3563.595 Executing  VM operation: RedefineClasses done
Event: 3604.830 Executing  VM operation: ChangeBreakpoints
Event: 3604.830 Executing  VM operation: ChangeBreakpoints done
Event: 3692.740 Executing  VM operation: RedefineClasses
Event: 3692.742 Executing  VM operation: RedefineClasses done
Event: 3692.745 Executing  VM operation: ChangeBreakpoints
Event: 3692.745 Executing  VM operation: ChangeBreakpoints done
Event: 3715.912 Executing  VM operation: RedefineClasses
Event: 3715.914 Executing  VM operation: RedefineClasses done
Event: 3715.924 Executing  VM operation: ChangeBreakpoints
Event: 3715.925 Executing  VM operation: ChangeBreakpoints done
Event: 3754.195 Executing  VM operation: RedefineClasses
Event: 3754.197 Executing  VM operation: RedefineClasses done
Event: 3754.201 Executing  VM operation: ChangeBreakpoints
Event: 3754.201 Executing  VM operation: ChangeBreakpoints done
Event: 3792.662 Executing  VM operation: ChangeBreakpoints
Event: 3792.662 Executing  VM operation: ChangeBreakpoints done
Event: 3798.402 Executing  VM operation: get/set locals


Dynamic libraries:
0x00007ff6b83b0000 - 0x00007ff6b83c0000 	C:\Program Files\Java\jdk-16.0.2\bin\javaw.exe
0x00007ffd0c500000 - 0x00007ffd0c6f0000 	C:\Windows\SYSTEM32\ntdll.dll
0x00007ffd0add0000 - 0x00007ffd0ae82000 	C:\Windows\System32\KERNEL32.DLL
0x00007ffd096d0000 - 0x00007ffd09975000 	C:\Windows\System32\KERNELBASE.dll
0x00007ffd09580000 - 0x00007ffd0967a000 	C:\Windows\System32\ucrtbase.dll
0x00007ffcf9350000 - 0x00007ffcf9369000 	C:\Program Files\Java\jdk-16.0.2\bin\VCRUNTIME140.dll
0x00007ffcf9370000 - 0x00007ffcf9388000 	C:\Program Files\Java\jdk-16.0.2\bin\jli.dll
0x00007ffd0c0b0000 - 0x00007ffd0c153000 	C:\Windows\System32\ADVAPI32.dll
0x00007ffd0c160000 - 0x00007ffd0c1fe000 	C:\Windows\System32\msvcrt.dll
0x00007ffd0bcc0000 - 0x00007ffd0bd57000 	C:\Windows\System32\sechost.dll
0x00007ffd0ae90000 - 0x00007ffd0afaf000 	C:\Windows\System32\RPCRT4.dll
0x00007ffd0bec0000 - 0x00007ffd0c054000 	C:\Windows\System32\USER32.dll
0x00007ffd09480000 - 0x00007ffd094a1000 	C:\Windows\System32\win32u.dll
0x00007ffd0c3c0000 - 0x00007ffd0c3e6000 	C:\Windows\System32\GDI32.dll
0x00007ffd09c00000 - 0x00007ffd09d98000 	C:\Windows\System32\gdi32full.dll
0x00007ffd094b0000 - 0x00007ffd0954e000 	C:\Windows\System32\msvcp_win.dll
0x00007ffcf2900000 - 0x00007ffcf2b84000 	C:\Windows\WinSxS\amd64_microsoft.windows.common-controls_6595b64144ccf1df_6.0.18362.1316_none_9e7a364fe461dbd7\COMCTL32.dll
0x00007ffd0afb0000 - 0x00007ffd0b2e7000 	C:\Windows\System32\combase.dll
0x00007ffd0a520000 - 0x00007ffd0a5a1000 	C:\Windows\System32\bcryptPrimitives.dll
0x00007ffd01b80000 - 0x00007ffd01b8a000 	C:\Windows\SYSTEM32\VERSION.dll
0x00007ffd0c080000 - 0x00007ffd0c0ae000 	C:\Windows\System32\IMM32.DLL
0x00007ffd00550000 - 0x00007ffd0055c000 	C:\Program Files\Java\jdk-16.0.2\bin\vcruntime140_1.dll
0x00007ffce90e0000 - 0x00007ffce9171000 	C:\Program Files\Java\jdk-16.0.2\bin\msvcp140.dll
0x00007ffcbc2e0000 - 0x00007ffcbce8b000 	C:\Program Files\Java\jdk-16.0.2\bin\server\jvm.dll
0x00007ffd0b2f0000 - 0x00007ffd0b2f8000 	C:\Windows\System32\PSAPI.DLL
0x00007ffd04e20000 - 0x00007ffd04e29000 	C:\Windows\SYSTEM32\WSOCK32.dll
0x00007ffd0be50000 - 0x00007ffd0bebf000 	C:\Windows\System32\WS2_32.dll
0x00007ffd04710000 - 0x00007ffd04734000 	C:\Windows\SYSTEM32\WINMM.dll
0x00007ffd046e0000 - 0x00007ffd0470d000 	C:\Windows\SYSTEM32\WINMMBASE.dll
0x00007ffd09680000 - 0x00007ffd096ca000 	C:\Windows\System32\cfgmgr32.dll
0x00007ffd093c0000 - 0x00007ffd093d1000 	C:\Windows\System32\kernel.appcore.dll
0x00007ffd04db0000 - 0x00007ffd04dba000 	C:\Program Files\Java\jdk-16.0.2\bin\jimage.dll
0x00007ffd07cc0000 - 0x00007ffd07eb4000 	C:\Windows\SYSTEM32\DBGHELP.DLL
0x00007ffceee30000 - 0x00007ffceee5a000 	C:\Windows\SYSTEM32\dbgcore.DLL
0x00007ffcf7740000 - 0x00007ffcf777b000 	C:\Program Files\Java\jdk-16.0.2\bin\jdwp.dll
0x00007ffcf94d0000 - 0x00007ffcf94de000 	C:\Program Files\Java\jdk-16.0.2\bin\instrument.dll
0x00007ffcfb2f0000 - 0x00007ffcfb315000 	C:\Program Files\Java\jdk-16.0.2\bin\java.dll
0x00007ffd0a5b0000 - 0x00007ffd0ac98000 	C:\Windows\System32\SHELL32.dll
0x00007ffd0aca0000 - 0x00007ffd0ad47000 	C:\Windows\System32\shcore.dll
0x00007ffd09da0000 - 0x00007ffd0a51b000 	C:\Windows\System32\windows.storage.dll
0x00007ffd09400000 - 0x00007ffd09423000 	C:\Windows\System32\profapi.dll
0x00007ffd09430000 - 0x00007ffd0947a000 	C:\Windows\System32\powrprof.dll
0x00007ffd093b0000 - 0x00007ffd093c0000 	C:\Windows\System32\UMPDC.dll
0x00007ffd0b300000 - 0x00007ffd0b352000 	C:\Windows\System32\shlwapi.dll
0x00007ffd09ad0000 - 0x00007ffd09ae7000 	C:\Windows\System32\cryptsp.dll
0x00007ffcf7730000 - 0x00007ffcf773c000 	C:\Program Files\Java\jdk-16.0.2\bin\dt_socket.dll
0x00007ffd08900000 - 0x00007ffd0893a000 	C:\Windows\SYSTEM32\IPHLPAPI.DLL
0x00007ffd08bf0000 - 0x00007ffd08c57000 	C:\Windows\system32\mswsock.dll
0x00007ffd08940000 - 0x00007ffd08a0b000 	C:\Windows\SYSTEM32\DNSAPI.dll
0x00007ffd0c070000 - 0x00007ffd0c078000 	C:\Windows\System32\NSI.dll
0x00007ffcf28f0000 - 0x00007ffcf28fa000 	C:\Windows\System32\rasadhlp.dll
0x00007ffcfe490000 - 0x00007ffcfe507000 	C:\Windows\System32\fwpuclnt.dll
0x00007ffd09550000 - 0x00007ffd09576000 	C:\Windows\System32\bcrypt.dll
0x00007ffcf9330000 - 0x00007ffcf9348000 	C:\Program Files\Java\jdk-16.0.2\bin\zip.dll
0x00007ffcf9480000 - 0x00007ffcf9499000 	C:\Program Files\Java\jdk-16.0.2\bin\net.dll
0x00007ffd00430000 - 0x00007ffd00520000 	C:\Windows\SYSTEM32\WINHTTP.dll
0x00007ffcf9420000 - 0x00007ffcf9433000 	C:\Program Files\Java\jdk-16.0.2\bin\nio.dll
0x00007ffd03f50000 - 0x00007ffd03f60000 	C:\Program Files\Java\jdk-16.0.2\bin\verify.dll

dbghelp: loaded successfully - version: 4.0.5 - missing functions: none
symbol engine: initialized successfully - sym options: 0x614 - pdb path: .;C:\Program Files\Java\jdk-16.0.2\bin;C:\Windows\SYSTEM32;C:\Windows\WinSxS\amd64_microsoft.windows.common-controls_6595b64144ccf1df_6.0.18362.1316_none_9e7a364fe461dbd7;C:\Program Files\Java\jdk-16.0.2\bin\server

VM Arguments:
jvm_args: -XX:+ShowCodeDetailsInExceptionMessages -agentlib:jdwp=transport=dt_socket,suspend=y,address=localhost:56769 -javaagent:C:\Users\Gio\eclipse\java-2022-06\eclipse\configuration\org.eclipse.osgi\215\0\.cp\lib\javaagent-shaded.jar -Dfile.encoding=UTF-8 
java_command: assignment3B.Assignment3B
java_class_path (initial): C:\Users\Gio\Desktop\school\BSCS-1-A\1st  Sem\Fundamentals of Programming\Assignment 3\bin
Launcher Type: SUN_STANDARD

[Global flags]
     intx CICompilerCount                          = 3                                         {product} {ergonomic}
     uint ConcGCThreads                            = 1                                         {product} {ergonomic}
     uint G1ConcRefinementThreads                  = 4                                         {product} {ergonomic}
   size_t G1HeapRegionSize                         = 1048576                                   {product} {ergonomic}
    uintx GCDrainStackTargetSize                   = 64                                        {product} {ergonomic}
   size_t InitialHeapSize                          = 134217728                                 {product} {ergonomic}
   size_t MarkStackSize                            = 4194304                                   {product} {ergonomic}
   size_t MaxHeapSize                              = 2116026368                                {product} {ergonomic}
   size_t MaxNewSize                               = 1268776960                                {product} {ergonomic}
   size_t MinHeapDeltaBytes                        = 1048576                                   {product} {ergonomic}
   size_t MinHeapSize                              = 8388608                                   {product} {ergonomic}
    uintx NonNMethodCodeHeapSize                   = 5832780                                {pd product} {ergonomic}
    uintx NonProfiledCodeHeapSize                  = 122912730                              {pd product} {ergonomic}
    uintx ProfiledCodeHeapSize                     = 122912730                              {pd product} {ergonomic}
    uintx ReservedCodeCacheSize                    = 251658240                              {pd product} {ergonomic}
     bool SegmentedCodeCache                       = true                                      {product} {ergonomic}
     bool ShowCodeDetailsInExceptionMessages       = true                                   {manageable} {command line}
   size_t SoftMaxHeapSize                          = 2116026368                             {manageable} {ergonomic}
     bool UseCompressedClassPointers               = true                           {product lp64_product} {ergonomic}
     bool UseCompressedOops                        = true                           {product lp64_product} {ergonomic}
     bool UseG1GC                                  = true                                      {product} {ergonomic}
     bool UseLargePagesIndividualAllocation        = false                                  {pd product} {ergonomic}

Logging:
Log output configuration:
 #0: stdout all=warning uptime,level,tags
 #1: stderr all=off uptime,level,tags

Environment Variables:
PATH=C:/Program Files/Java/jdk-16.0.2/bin/server;C:/Program Files/Java/jdk-16.0.2/bin;C:\ProgramData\Oracle\Java\javapath;C:\Program Files\Common Files\Oracle\Java\javapath;C:\Program Files (x86)\Common Files\Oracle\Java\javapath;C:\Windows\system32;C:\Windows;C:\Windows\System32\Wbem;C:\Windows\System32\WindowsPowerShell\v1.0\;C:\Windows\System32\OpenSSH\;C:\Users\Gio\AppData\Local\Microsoft\WindowsApps;;D:\Program\Microsoft VS Code\bin;C:\Windows\system32;
USERNAME=Gio
OS=Windows_NT
PROCESSOR_IDENTIFIER=Intel64 Family 6 Model 142 Stepping 12, GenuineIntel



---------------  S Y S T E M  ---------------

OS:
 Windows 10 , 64 bit Build 18362 (10.0.18362.1316)
OS uptime: 0 days 7:16 hours

CPU: total 4 (initial active 4) (2 cores per cpu, 2 threads per core) family 6 model 142 stepping 12 microcode 0xca, cx8, cmov, fxsr, ht, mmx, 3dnowpref, sse, sse2, sse3, ssse3, sse4.1, sse4.2, popcnt, lzcnt, tsc, tscinvbit, avx, avx2, aes, erms, clmul, bmi1, bmi2, adx, fma, vzeroupper, clflush, clflushopt

Memory: 4k page, system-wide physical 8069M (1279M free)
TotalPageFile size 19378M (AvailPageFile size 2801M)
current process WorkingSet (physical memory assigned to process): 32M, peak: 43M
current process commit charge ("private bytes"): 204M, peak: 206M

vm_info: Java HotSpot(TM) 64-Bit Server VM (16.0.2+7-67) for windows-amd64 JRE (16.0.2+7-67), built on Jun  8 2021 23:24:19 by "mach5one" with MS VC++ 16.7 (VS2019)

END.
